This is pdfTeX, Version 3.1415926-2.5-1.40.14 (TeX Live 2013/Debian) (format=pdflatex 2015.6.1)  1 JUN 2015 13:44
entering extended mode
 restricted \write18 enabled.
 %&-line parsing enabled.
**title.tex
(./title.tex
LaTeX2e <2011/06/27>
Babel <3.9h> and hyphenation patterns for 78 languages loaded.

! LaTeX Error: Environment titlepage undefined.

See the LaTeX manual or LaTeX Companion for explanation.
Type  H <return>  for immediate help.
 ...                                              
                                                  
l.1 \begin{titlepage}
                     
Your command was ignored.
Type  I <command> <return>  to replace it with another command,
or  <return>  to continue without it.


! LaTeX Error: Missing \begin{document}.

See the LaTeX manual or LaTeX Companion for explanation.
Type  H <return>  for immediate help.
 ...                                              
                                                  
l.5 \center
            % Center everything on the page
You're in trouble here.  Try typing  <return>  to proceed.
If that doesn't work, type  X <return>  to quit.


Overfull \hbox (20.0pt too wide) in paragraph at lines 5--5
[] 
 []

! Undefined control sequence.
<recently read> \LARGE 
                       
l.11 \textsc{\LARGE Imperial College London}
                                            \\[0.5cm] % Name of your univers...
The control sequence at the end of the top line
of your error message was never \def'ed. If you have
misspelled it (e.g., `\hobx'), type `I' and the correct
spelling (e.g., `I\hbox'). Otherwise just continue,
and I'll forget about whatever was undefined.


Overfull \hbox (42.98863pt too wide) in paragraph at lines 11--11
 \OT1/cmr/m/sc/10 Imperial 
 []


Overfull \hbox (23.12761pt too wide) in paragraph at lines 11--11
 \OT1/cmr/m/sc/10 Col- 
 []


Overfull \hbox (22.69986pt too wide) in paragraph at lines 11--11
 \OT1/cmr/m/sc/10 lege 
 []


Overfull \hbox (23.09985pt too wide) in paragraph at lines 11--11
 \OT1/cmr/m/sc/10 Lon- 
 []


Overfull \hbox (18.73328pt too wide) in paragraph at lines 11--11
 \OT1/cmr/m/sc/10 don 
 []

! Undefined control sequence.
<recently read> \Large 
                       
l.12 \textsc{\Large Department of Computing}
                                            \\[0.5cm] % Major heading such a...
The control sequence at the end of the top line
of your error message was never \def'ed. If you have
misspelled it (e.g., `\hobx'), type `I' and the correct
spelling (e.g., `I\hbox'). Otherwise just continue,
and I'll forget about whatever was undefined.


Overfull \hbox (61.26906pt too wide) in paragraph at lines 12--12
 []\OT1/cmr/m/sc/10 Department 
 []


Overfull \hbox (11.71107pt too wide) in paragraph at lines 12--12
 \OT1/cmr/m/sc/10 of 
 []


Overfull \hbox (25.46094pt too wide) in paragraph at lines 12--12
 \OT1/cmr/m/sc/10 Com- 
 []


Overfull \hbox (21.39987pt too wide) in paragraph at lines 12--12
 \OT1/cmr/m/sc/10 put- 
 []


Overfull \hbox (15.56659pt too wide) in paragraph at lines 12--12
 \OT1/cmr/m/sc/10 ing 
 []

! Undefined control sequence.
<recently read> \large 
                       
l.13 \textsc{\large Minor Heading}
                                  \\[0.5cm] % Minor heading such as course t...
The control sequence at the end of the top line
of your error message was never \def'ed. If you have
misspelled it (e.g., `\hobx'), type `I' and the correct
spelling (e.g., `I\hbox'). Otherwise just continue,
and I'll forget about whatever was undefined.


Overfull \hbox (31.42203pt too wide) in paragraph at lines 13--13
 []\OT1/cmr/m/sc/10 Minor 
 []


Overfull \hbox (29.87204pt too wide) in paragraph at lines 13--13
 \OT1/cmr/m/sc/10 Head- 
 []


Overfull \hbox (15.56659pt too wide) in paragraph at lines 13--13
 \OT1/cmr/m/sc/10 ing 
 []

! Undefined control sequence.
l.20 { \huge
             \bfseries Visualizing uncertainty in super resolution fetal MRI...
The control sequence at the end of the top line
of your error message was never \def'ed. If you have
misspelled it (e.g., `\hobx'), type `I' and the correct
spelling (e.g., `I\hbox'). Otherwise just continue,
and I'll forget about whatever was undefined.


Overfull \hbox (55.23717pt too wide) in paragraph at lines 20--20
 []\OT1/cmr/bx/n/10 Visualizing 
 []


Overfull \hbox (16.61102pt too wide) in paragraph at lines 20--20
 \OT1/cmr/bx/n/10 un- 
 []


Overfull \hbox (18.95131pt too wide) in paragraph at lines 20--20
 \OT1/cmr/bx/n/10 cer- 
 []


Overfull \hbox (29.54843pt too wide) in paragraph at lines 20--20
 \OT1/cmr/bx/n/10 tainty 
 []


Overfull \hbox (9.58328pt too wide) in paragraph at lines 20--20
 \OT1/cmr/bx/n/10 in 
 []


Overfull \hbox (14.75824pt too wide) in paragraph at lines 20--20
 \OT1/cmr/bx/n/10 su- 
 []


Overfull \hbox (16.71521pt too wide) in paragraph at lines 20--20
 \OT1/cmr/bx/n/10 per 
 []


Overfull \hbox (18.3763pt too wide) in paragraph at lines 20--20
 \OT1/cmr/bx/n/10 res- 
 []


Overfull \hbox (9.58328pt too wide) in paragraph at lines 20--20
 \OT1/cmr/bx/n/10 o- 
 []


Overfull \hbox (13.4166pt too wide) in paragraph at lines 20--20
 \OT1/cmr/bx/n/10 lu- 
 []


Overfull \hbox (19.80545pt too wide) in paragraph at lines 20--20
 \OT1/cmr/bx/n/10 tion 
 []


Overfull \hbox (12.618pt too wide) in paragraph at lines 20--20
 \OT1/cmr/bx/n/10 fe- 
 []


Overfull \hbox (13.25685pt too wide) in paragraph at lines 20--20
 \OT1/cmr/bx/n/10 tal 
 []


Overfull \hbox (23.90265pt too wide) in paragraph at lines 20--20
 \OT1/cmr/bx/n/10 MRI 
 []


Overfull \hbox (16.61102pt too wide) in paragraph at lines 20--20
 \OT1/cmr/bx/n/10 im- 
 []


Overfull \hbox (24.3415pt too wide) in paragraph at lines 20--20
 \OT1/cmr/bx/n/10 ages. 
 []

! Undefined control sequence.
l.28 \begin{flushleft} \large
                             
The control sequence at the end of the top line
of your error message was never \def'ed. If you have
misspelled it (e.g., `\hobx'), type `I' and the correct
spelling (e.g., `I\hbox'). Otherwise just continue,
and I'll forget about whatever was undefined.

Missing character: There is no S in font nullfont!
Missing character: There is no a in font nullfont!
Missing character: There is no m in font nullfont!
LaTeX Font Info:    External font `cmex10' loaded for size
(Font)              <7> on input line 32.
LaTeX Font Info:    External font `cmex10' loaded for size
(Font)              <5> on input line 32.
! Undefined control sequence.
l.35 \begin{flushright} \large
                              
The control sequence at the end of the top line
of your error message was never \def'ed. If you have
misspelled it (e.g., `\hobx'), type `I' and the correct
spelling (e.g., `I\hbox'). Otherwise just continue,
and I'll forget about whatever was undefined.

Missing character: There is no D in font nullfont!
Missing character: There is no r in font nullfont!
Missing character: There is no . in font nullfont!
Missing character: There is no B in font nullfont!
Missing character: There is no e in font nullfont!
Missing character: There is no r in font nullfont!
Missing character: There is no n in font nullfont!
Missing character: There is no h in font nullfont!
Missing character: There is no a in font nullfont!
Missing character: There is no r in font nullfont!
Missing character: There is no d in font nullfont!

Overfull \hbox (3276.74998pt too wide) in paragraph at lines 27--39
 []$[]$ 
 []


Overfull \hbox (3276.74998pt too wide) in paragraph at lines 27--39
 []$ 
 []

! Undefined control sequence.
l.49 {\large
             \today}\\[3cm] % Date, change the \today to a set date if you w...
The control sequence at the end of the top line
of your error message was never \def'ed. If you have
misspelled it (e.g., `\hobx'), type `I' and the correct
spelling (e.g., `I\hbox'). Otherwise just continue,
and I'll forget about whatever was undefined.

! Undefined control sequence.
l.49 {\large \today
                   }\\[3cm] % Date, change the \today to a set date if you w...
The control sequence at the end of the top line
of your error message was never \def'ed. If you have
misspelled it (e.g., `\hobx'), type `I' and the correct
spelling (e.g., `I\hbox'). Otherwise just continue,
and I'll forget about whatever was undefined.


! LaTeX Error: There's no line here to end.

See the LaTeX manual or LaTeX Companion for explanation.
Type  H <return>  for immediate help.
 ...                                              
                                                  
l.49 {\large \today}\\
                      [3cm] % Date, change the \today to a set date if you w...

Your command was ignored.
Type  I <command> <return>  to replace it with another command,
or  <return>  to continue without it.


! LaTeX Error: \begin{document} ended by \end{titlepage}.

See the LaTeX manual or LaTeX Companion for explanation.
Type  H <return>  for immediate help.
 ...                                              
                                                  
l.61 \end{titlepage}
                    
Your command was ignored.
Type  I <command> <return>  to replace it with another command,
or  <return>  to continue without it.

)
! Emergency stop.
<*> title.tex
             
*** (job aborted, no legal \end found)

 
Here is how much of TeX's memory you used:
 19 strings out of 493304
 257 string characters out of 6139872
 52880 words of memory out of 5000000
 3576 multiletter control sequences out of 15000+600000
 4595 words of font info for 17 fonts, out of 8000000 for 9000
 957 hyphenation exceptions out of 8191
 20i,3n,18p,142b,218s stack positions out of 5000i,500n,10000p,200000b,80000s
!  ==> Fatal error occurred, no output PDF file produced!
